0 info it worked if it ends with ok
1 verbose cli [ 'node', '/usr/local/bin/npm', 'publish', '.' ]
2 info using npm@2.10.1
3 info using node@v0.12.4
4 verbose node symlink /usr/local/bin/node
5 verbose publish [ '.' ]
6 silly cache add args [ '.', null ]
7 verbose cache add spec .
8 silly cache add parsed spec { raw: '.',
8 silly cache add   scope: null,
8 silly cache add   name: null,
8 silly cache add   rawSpec: '.',
8 silly cache add   spec: '/developement/workspace/virtuoso',
8 silly cache add   type: 'directory' }
9 verbose addLocalDirectory /Users/alw/.npm/virtuoso/0.1.0/package.tgz not in flight; packing
10 verbose tar pack [ '/Users/alw/.npm/virtuoso/0.1.0/package.tgz',
10 verbose tar pack   '/developement/workspace/virtuoso' ]
11 verbose tarball /Users/alw/.npm/virtuoso/0.1.0/package.tgz
12 verbose folder /developement/workspace/virtuoso
13 info prepublish virtuoso@0.1.0
14 verbose addLocalTarball adding from inside cache /Users/alw/.npm/virtuoso/0.1.0/package.tgz
15 silly cache afterAdd virtuoso@0.1.0
16 verbose afterAdd /Users/alw/.npm/virtuoso/0.1.0/package/package.json not in flight; writing
17 verbose afterAdd /Users/alw/.npm/virtuoso/0.1.0/package/package.json written
18 silly publish { name: 'virtuoso',
18 silly publish   version: '0.1.0',
18 silly publish   description: 'CSS Framework to build webpage in a minute',
18 silly publish   main: 'gulpfile.js',
18 silly publish   repository:
18 silly publish    { type: 'git',
18 silly publish      url: 'git+https://github.com/arnaudlewis/virtuoso.git' },
18 silly publish   keywords: [ 'CSS', 'Responsive', 'Sass', 'SCSS' ],
18 silly publish   author: { name: 'alws' },
18 silly publish   license: 'ISC',
18 silly publish   bugs: { url: 'https://github.com/arnaudlewis/virtuoso/issues' },
18 silly publish   homepage: 'https://github.com/arnaudlewis/virtuoso#readme',
18 silly publish   dependencies:
18 silly publish    { gulp: '^3.9.0',
18 silly publish      'gulp-autoprefixer': '^2.3.1',
18 silly publish      'gulp-concat': '^2.6.0',
18 silly publish      'gulp-cssmin': '^0.1.7',
18 silly publish      'gulp-minify-css': '^1.2.0',
18 silly publish      'gulp-rename': '^1.2.2',
18 silly publish      'gulp-sass': '^2.0.4',
18 silly publish      'gulp-uglify': '^1.2.0',
18 silly publish      'gulp-util': '^3.0.6' },
18 silly publish   readme: '### Virtuoso Framework\n\nVirtuoso is an intuitive and powerful page builder to quickly and easily create a fully responsive website without being an amazing skilled developer ! created by Arnaud Lewis @alws_\n\n#### Quick Start\n\n* Install with [NPM](https://github.com/prismicio/php-websitestarter/releases) : npm install virtuoso\n\n#### Documentation\n\nThe documentation will be available soon [here](http://virtuoso.prismicwebsite.me)',
18 silly publish   readmeFilename: 'README.md',
18 silly publish   gitHead: '1cbb35d074f3d847a206460c5463f170e076acef',
18 silly publish   _id: 'virtuoso@0.1.0',
18 silly publish   scripts: {},
18 silly publish   _shasum: 'cc4b705d896cb8072322b648128e1d140ad0a3a5',
18 silly publish   _from: '.' }
19 verbose getPublishConfig undefined
20 silly mapToRegistry name virtuoso
21 silly mapToRegistry using default registry
22 silly mapToRegistry registry https://registry.npmjs.org/
23 silly mapToRegistry uri https://registry.npmjs.org/virtuoso
24 verbose publish registryBase https://registry.npmjs.org/
25 silly publish uploading /Users/alw/.npm/virtuoso/0.1.0/package.tgz
26 verbose request uri https://registry.npmjs.org/virtuoso
27 verbose request sending authorization for write operation
28 info attempt registry request try #1 at 15:39:18
29 verbose request using bearer token for auth
30 verbose request id c36b97a4efe3eef5
31 http request PUT https://registry.npmjs.org/virtuoso
32 http 403 https://registry.npmjs.org/virtuoso
33 verbose headers { 'content-type': 'application/json',
33 verbose headers   'cache-control': 'max-age=60',
33 verbose headers   'content-length': '95',
33 verbose headers   'accept-ranges': 'bytes',
33 verbose headers   date: 'Thu, 30 Jul 2015 13:39:19 GMT',
33 verbose headers   via: '1.1 varnish',
33 verbose headers   connection: 'keep-alive',
33 verbose headers   'x-served-by': 'cache-lcy1127-LCY',
33 verbose headers   'x-cache': 'MISS',
33 verbose headers   'x-cache-hits': '0',
33 verbose headers   'x-timer': 'S1438263558.870366,VS0,VE1032' }
34 verbose request invalidating /Users/alw/.npm/registry.npmjs.org/virtuoso on PUT
35 error publish Failed PUT 403
36 verbose stack Error: "You cannot publish over the previously published version 0.1.0." : virtuoso
36 verbose stack     at CachingRegistryClient.<anonymous> (/usr/local/lib/node_modules/npm/node_modules/npm-registry-client/lib/request.js:247:14)
36 verbose stack     at Request._callback (/usr/local/lib/node_modules/npm/node_modules/npm-registry-client/lib/request.js:170:14)
36 verbose stack     at Request.self.callback (/usr/local/lib/node_modules/npm/node_modules/request/request.js:368:22)
36 verbose stack     at Request.emit (events.js:110:17)
36 verbose stack     at Request.<anonymous> (/usr/local/lib/node_modules/npm/node_modules/request/request.js:1219:14)
36 verbose stack     at Request.emit (events.js:129:20)
36 verbose stack     at IncomingMessage.<anonymous> (/usr/local/lib/node_modules/npm/node_modules/request/request.js:1167:12)
36 verbose stack     at IncomingMessage.emit (events.js:129:20)
36 verbose stack     at _stream_readable.js:908:16
36 verbose stack     at process._tickCallback (node.js:355:11)
37 verbose statusCode 403
38 verbose pkgid virtuoso
39 verbose cwd /developement/workspace/virtuoso
40 error Darwin 14.4.0
41 error argv "node" "/usr/local/bin/npm" "publish" "."
42 error node v0.12.4
43 error npm  v2.10.1
44 error code E403
45 error "You cannot publish over the previously published version 0.1.0." : virtuoso
46 error If you need help, you may report this error at:
46 error     <https://github.com/npm/npm/issues>
47 verbose exit [ 1, true ]
